<?xml version="1.0" encoding="UTF-8"?>
<!-- Generated by org.testng.reporters.JUnitXMLReporter -->
<testsuite ignored="16" hostname="LAPTOP-79C88I1L" failures="1" tests="9" name="Test1" time="270.048" errors="0" timestamp="2022-05-20T11:48:08 IST">
  <testcase classname="com.SDET31L.genericUtility.BaseClass" name="@AfterMethod afterMethod1" time="4.866">
    <failure type="org.openqa.selenium.StaleElementReferenceException" message="stale element reference: element is not attached to the page document
  (Session info: chrome=101.0.4951.67)
For documentation on this error, please visit: https://www.seleniumhq.org/exceptions/stale_element_reference.html
Build info: version: &amp;apos;3.141.59&amp;apos;, revision: &amp;apos;e82be7d358&amp;apos;, time: &amp;apos;2018-11-14T08:17:03&amp;apos;
System info: host: &amp;apos;LAPTOP-79C88I1L&amp;apos;, ip: &amp;apos;192.168.20.1&amp;apos;, os.name: &amp;apos;Windows 10&amp;apos;, os.arch: &amp;apos;amd64&amp;apos;, os.version: &amp;apos;10.0&amp;apos;, java.version: &amp;apos;16.0.1&amp;apos;
Driver info: org.openqa.selenium.chrome.ChromeDriver
Capabilities {acceptInsecureCerts: false, browserName: chrome, browserVersion: 101.0.4951.67, chrome: {chromedriverVersion: 101.0.4951.41 (93c720db8323..., userDataDir: C:\Users\Dhanraj\AppData\Lo...}, goog:chromeOptions: {debuggerAddress: localhost:57279}, javascriptEnabled: true, networkConnectionEnabled: false, pageLoadStrategy: normal, platform: WINDOWS, platformName: WINDOWS, proxy: Proxy(), setWindowRect: true, strictFileInteractability: false, timeouts: {implicit: 0, pageLoad: 300000, script: 30000}, unhandledPromptBehavior: dismiss and notify, webauthn:extension:credBlob: true, webauthn:extension:largeBlob: true, webauthn:virtualAuthenticators: true}
Session ID: 7669597bc60486fd56adbf001bd977ec">
      <![CDATA[org.openqa.selenium.StaleElementReferenceException: stale element reference: element is not attached to the page document
  (Session info: chrome=101.0.4951.67)
For documentation on this error, please visit: https://www.seleniumhq.org/exceptions/stale_element_reference.html
Build info: version: '3.141.59', revision: 'e82be7d358', time: '2018-11-14T08:17:03'
System info: host: 'LAPTOP-79C88I1L', ip: '192.168.20.1', os.name: 'Windows 10', os.arch: 'amd64', os.version: '10.0', java.version: '16.0.1'
Driver info: org.openqa.selenium.chrome.ChromeDriver
Capabilities {acceptInsecureCerts: false, browserName: chrome, browserVersion: 101.0.4951.67, chrome: {chromedriverVersion: 101.0.4951.41 (93c720db8323..., userDataDir: C:\Users\Dhanraj\AppData\Lo...}, goog:chromeOptions: {debuggerAddress: localhost:57279}, javascriptEnabled: true, networkConnectionEnabled: false, pageLoadStrategy: normal, platform: WINDOWS, platformName: WINDOWS, proxy: Proxy(), setWindowRect: true, strictFileInteractability: false, timeouts: {implicit: 0, pageLoad: 300000, script: 30000}, unhandledPromptBehavior: dismiss and notify, webauthn:extension:credBlob: true, webauthn:extension:largeBlob: true, webauthn:virtualAuthenticators: true}
Session ID: 7669597bc60486fd56adbf001bd977ec
at org.openqa.selenium.remote.http.W3CHttpResponseCodec.createException(W3CHttpResponseCodec.java:187)
at org.openqa.selenium.remote.http.W3CHttpResponseCodec.decode(W3CHttpResponseCodec.java:122)
at org.openqa.selenium.remote.http.W3CHttpResponseCodec.decode(W3CHttpResponseCodec.java:49)
at org.openqa.selenium.remote.HttpCommandExecutor.execute(HttpCommandExecutor.java:158)
at org.openqa.selenium.remote.service.DriverCommandExecutor.execute(DriverCommandExecutor.java:83)
at org.openqa.selenium.remote.RemoteWebDriver.execute(RemoteWebDriver.java:552)
at org.openqa.selenium.remote.RemoteWebElement.execute(RemoteWebElement.java:285)
at org.openqa.selenium.remote.RemoteWebElement.click(RemoteWebElement.java:84)
at org.openqa.selenium.support.pagefactory.internal.LocatingElementHandler.invoke(LocatingElementHandler.java:51)
at jdk.proxy2/jdk.proxy2.$Proxy17.click(Unknown Source)
at com.vtiger.objectRepository.HomePage.signout(HomePage.java:80)
at com.SDET31L.genericUtility.BaseClass.afterMethod1(BaseClass.java:115)
at java.base/java.util.ArrayList.forEach(ArrayList.java:1511)
at java.base/java.util.concurrent.FutureTask.run(FutureTask.java:264)
at java.base/java.util.concurrent.ThreadPoolExecutor.runWorker(ThreadPoolExecutor.java:1130)
at java.base/java.util.concurrent.ThreadPoolExecutor$Worker.run(ThreadPoolExecutor.java:630)
at java.base/java.lang.Thread.run(Thread.java:831)
... Removed 31 stack frames]]>
    </failure>
  </testcase> <!-- @AfterMethod afterMethod1 -->
  <testcase classname="com.SDET31L.genericUtility.BaseClass" name="@AfterClass afterClass1Test" time="-1.653027314681E9">
    <skipped/>
  </testcase> <!-- @AfterClass afterClass1Test -->
  <testcase classname="com.SDET31L.genericUtility.BaseClass" name="@AfterMethod afterMethod1" time="60.531">
    <failure type="org.openqa.selenium.TimeoutException" message="Expected condition failed: waiting for visibility of Proxy element for: DefaultElementLocator &amp;apos;By.xpath: //td[@class=&amp;apos;dvtSelectedCell&amp;apos;]&amp;apos; (tried for 30 second(s) with 500 milliseconds interval)">
      <![CDATA[org.openqa.selenium.TimeoutException: Expected condition failed: waiting for visibility of Proxy element for: DefaultElementLocator 'By.xpath: //td[@class='dvtSelectedCell']' (tried for 30 second(s) with 500 milliseconds interval)
at org.openqa.selenium.support.ui.WebDriverWait.timeoutException(WebDriverWait.java:95)
at org.openqa.selenium.support.ui.FluentWait.until(FluentWait.java:272)
at com.SDET31L.genericUtility.SeleniumDriverLibrary.waitUntilvisibilityOfElement(SeleniumDriverLibrary.java:157)
at com.vtiger.objectRepository.HomePage.signout(HomePage.java:78)
at com.SDET31L.genericUtility.BaseClass.afterMethod1(BaseClass.java:115)
at java.base/java.util.ArrayList.forEach(ArrayList.java:1511)
at java.base/java.util.concurrent.FutureTask.run(FutureTask.java:264)
at java.base/java.util.concurrent.ThreadPoolExecutor.runWorker(ThreadPoolExecutor.java:1130)
at java.base/java.util.concurrent.ThreadPoolExecutor$Worker.run(ThreadPoolExecutor.java:630)
at java.base/java.lang.Thread.run(Thread.java:831)
Caused by: org.openqa.selenium.NoSuchElementException: Unable to locate element: //td[@class='dvtSelectedCell']
For documentation on this error, please visit: https://www.seleniumhq.org/exceptions/no_such_element.html
Build info: version: '3.141.59', revision: 'e82be7d358', time: '2018-11-14T08:17:03'
System info: host: 'LAPTOP-79C88I1L', ip: '192.168.20.1', os.name: 'Windows 10', os.arch: 'amd64', os.version: '10.0', java.version: '16.0.1'
Driver info: org.openqa.selenium.firefox.FirefoxDriver
Capabilities {acceptInsecureCerts: true, browserName: firefox, browserVersion: 100.0.1, javascriptEnabled: true, moz:accessibilityChecks: false, moz:buildID: 20220513165813, moz:geckodriverVersion: 0.31.0, moz:headless: false, moz:processID: 25804, moz:profile: C:\Users\Dhanraj\AppData\Lo..., moz:shutdownTimeout: 60000, moz:useNonSpecCompliantPointerOrigin: false, moz:webdriverClick: true, pageLoadStrategy: normal, platform: WINDOWS, platformName: WINDOWS, platformVersion: 10.0, proxy: Proxy(), setWindowRect: true, strictFileInteractability: false, timeouts: {implicit: 0, pageLoad: 300000, script: 30000}, unhandledPromptBehavior: dismiss and notify}
Session ID: 95fdd87d-3ce4-410d-95dd-50da77c8d323
*** Element info: {Using=xpath, value=//td[@class='dvtSelectedCell']}
at org.openqa.selenium.remote.http.W3CHttpResponseCodec.createException(W3CHttpResponseCodec.java:187)
at org.openqa.selenium.remote.http.W3CHttpResponseCodec.decode(W3CHttpResponseCodec.java:122)
at org.openqa.selenium.remote.http.W3CHttpResponseCodec.decode(W3CHttpResponseCodec.java:49)
at org.openqa.selenium.remote.HttpCommandExecutor.execute(HttpCommandExecutor.java:158)
at org.openqa.selenium.remote.service.DriverCommandExecutor.execute(DriverCommandExecutor.java:83)
at org.openqa.selenium.remote.RemoteWebDriver.execute(RemoteWebDriver.java:552)
at org.openqa.selenium.remote.RemoteWebDriver.findElement(RemoteWebDriver.java:323)
at org.openqa.selenium.remote.RemoteWebDriver.findElementByXPath(RemoteWebDriver.java:428)
at org.openqa.selenium.By$ByXPath.findElement(By.java:353)
at org.openqa.selenium.remote.RemoteWebDriver.findElement(RemoteWebDriver.java:315)
at org.openqa.selenium.support.pagefactory.DefaultElementLocator.findElement(DefaultElementLocator.java:69)
at org.openqa.selenium.support.pagefactory.internal.LocatingElementHandler.invoke(LocatingElementHandler.java:38)
at jdk.proxy2/jdk.proxy2.$Proxy17.isDisplayed(Unknown Source)
at org.openqa.selenium.support.ui.ExpectedConditions.elementIfVisible(ExpectedConditions.java:314)
at org.openqa.selenium.support.ui.ExpectedConditions.access$000(ExpectedConditions.java:43)
at org.openqa.selenium.support.ui.ExpectedConditions$10.apply(ExpectedConditions.java:300)
at org.openqa.selenium.support.ui.ExpectedConditions$10.apply(ExpectedConditions.java:297)
at org.openqa.selenium.support.ui.FluentWait.until(FluentWait.java:249)
... 31 more
... Removed 28 stack frames]]>
    </failure>
  </testcase> <!-- @AfterMethod afterMethod1 -->
  <testcase classname="com.SDET31L.genericUtility.BaseClass" name="@AfterClass afterClass1Test" time="-1.65302731881E9">
    <skipped/>
  </testcase> <!-- @AfterClass afterClass1Test -->
  <testcase classname="com.SDET31L.genericUtility.BaseClass" name="@AfterMethod afterMethod1" time="0.086">
    <failure type="org.openqa.selenium.interactions.MoveTargetOutOfBoundsException" message="(1436, -214) is out of bounds of viewport width (1536) and height (739)
Build info: version: &amp;apos;3.141.59&amp;apos;, revision: &amp;apos;e82be7d358&amp;apos;, time: &amp;apos;2018-11-14T08:17:03&amp;apos;
System info: host: &amp;apos;LAPTOP-79C88I1L&amp;apos;, ip: &amp;apos;192.168.20.1&amp;apos;, os.name: &amp;apos;Windows 10&amp;apos;, os.arch: &amp;apos;amd64&amp;apos;, os.version: &amp;apos;10.0&amp;apos;, java.version: &amp;apos;16.0.1&amp;apos;
Driver info: org.openqa.selenium.firefox.FirefoxDriver
Capabilities {acceptInsecureCerts: true, browserName: firefox, browserVersion: 100.0.1, javascriptEnabled: true, moz:accessibilityChecks: false, moz:buildID: 20220513165813, moz:geckodriverVersion: 0.31.0, moz:headless: false, moz:processID: 21948, moz:profile: C:\Users\Dhanraj\AppData\Lo..., moz:shutdownTimeout: 60000, moz:useNonSpecCompliantPointerOrigin: false, moz:webdriverClick: true, pageLoadStrategy: normal, platform: WINDOWS, platformName: WINDOWS, platformVersion: 10.0, proxy: Proxy(), setWindowRect: true, strictFileInteractability: false, timeouts: {implicit: 0, pageLoad: 300000, script: 30000}, unhandledPromptBehavior: dismiss and notify}
Session ID: 7ff10d0d-c0d9-4604-8b4b-da92829e7f91">
      <![CDATA[org.openqa.selenium.interactions.MoveTargetOutOfBoundsException: (1436, -214) is out of bounds of viewport width (1536) and height (739)
Build info: version: '3.141.59', revision: 'e82be7d358', time: '2018-11-14T08:17:03'
System info: host: 'LAPTOP-79C88I1L', ip: '192.168.20.1', os.name: 'Windows 10', os.arch: 'amd64', os.version: '10.0', java.version: '16.0.1'
Driver info: org.openqa.selenium.firefox.FirefoxDriver
Capabilities {acceptInsecureCerts: true, browserName: firefox, browserVersion: 100.0.1, javascriptEnabled: true, moz:accessibilityChecks: false, moz:buildID: 20220513165813, moz:geckodriverVersion: 0.31.0, moz:headless: false, moz:processID: 21948, moz:profile: C:\Users\Dhanraj\AppData\Lo..., moz:shutdownTimeout: 60000, moz:useNonSpecCompliantPointerOrigin: false, moz:webdriverClick: true, pageLoadStrategy: normal, platform: WINDOWS, platformName: WINDOWS, platformVersion: 10.0, proxy: Proxy(), setWindowRect: true, strictFileInteractability: false, timeouts: {implicit: 0, pageLoad: 300000, script: 30000}, unhandledPromptBehavior: dismiss and notify}
Session ID: 7ff10d0d-c0d9-4604-8b4b-da92829e7f91
at org.openqa.selenium.remote.http.W3CHttpResponseCodec.createException(W3CHttpResponseCodec.java:187)
at org.openqa.selenium.remote.http.W3CHttpResponseCodec.decode(W3CHttpResponseCodec.java:122)
at org.openqa.selenium.remote.http.W3CHttpResponseCodec.decode(W3CHttpResponseCodec.java:49)
at org.openqa.selenium.remote.HttpCommandExecutor.execute(HttpCommandExecutor.java:158)
at org.openqa.selenium.remote.service.DriverCommandExecutor.execute(DriverCommandExecutor.java:83)
at org.openqa.selenium.remote.RemoteWebDriver.execute(RemoteWebDriver.java:552)
at org.openqa.selenium.remote.RemoteWebDriver.perform(RemoteWebDriver.java:618)
at org.openqa.selenium.interactions.Actions$BuiltAction.perform(Actions.java:639)
at org.openqa.selenium.interactions.Actions.perform(Actions.java:595)
at com.SDET31L.genericUtility.SeleniumDriverLibrary.mouseHoverOntheElement(SeleniumDriverLibrary.java:83)
at com.vtiger.objectRepository.HomePage.signout(HomePage.java:79)
at com.SDET31L.genericUtility.BaseClass.afterMethod1(BaseClass.java:115)
at java.base/java.util.ArrayList.forEach(ArrayList.java:1511)
at java.base/java.util.concurrent.FutureTask.run(FutureTask.java:264)
at java.base/java.util.concurrent.ThreadPoolExecutor.runWorker(ThreadPoolExecutor.java:1130)
at java.base/java.util.concurrent.ThreadPoolExecutor$Worker.run(ThreadPoolExecutor.java:630)
at java.base/java.lang.Thread.run(Thread.java:831)
... Removed 28 stack frames]]>
    </failure>
  </testcase> <!-- @AfterMethod afterMethod1 -->
  <testcase classname="com.SDET31L.genericUtility.BaseClass" name="@AfterClass afterClass1Test" time="-1.65302734758E9">
    <skipped/>
  </testcase> <!-- @AfterClass afterClass1Test -->
  <testcase classname="com.SDET31L.genericUtility.BaseClass" name="@AfterMethod afterMethod1" time="0.117">
    <failure type="org.openqa.selenium.interactions.MoveTargetOutOfBoundsException" message="(1436, -80) is out of bounds of viewport width (1536) and height (739)
Build info: version: &amp;apos;3.141.59&amp;apos;, revision: &amp;apos;e82be7d358&amp;apos;, time: &amp;apos;2018-11-14T08:17:03&amp;apos;
System info: host: &amp;apos;LAPTOP-79C88I1L&amp;apos;, ip: &amp;apos;192.168.20.1&amp;apos;, os.name: &amp;apos;Windows 10&amp;apos;, os.arch: &amp;apos;amd64&amp;apos;, os.version: &amp;apos;10.0&amp;apos;, java.version: &amp;apos;16.0.1&amp;apos;
Driver info: org.openqa.selenium.firefox.FirefoxDriver
Capabilities {acceptInsecureCerts: true, browserName: firefox, browserVersion: 100.0.1, javascriptEnabled: true, moz:accessibilityChecks: false, moz:buildID: 20220513165813, moz:geckodriverVersion: 0.31.0, moz:headless: false, moz:processID: 27496, moz:profile: C:\Users\Dhanraj\AppData\Lo..., moz:shutdownTimeout: 60000, moz:useNonSpecCompliantPointerOrigin: false, moz:webdriverClick: true, pageLoadStrategy: normal, platform: WINDOWS, platformName: WINDOWS, platformVersion: 10.0, proxy: Proxy(), setWindowRect: true, strictFileInteractability: false, timeouts: {implicit: 0, pageLoad: 300000, script: 30000}, unhandledPromptBehavior: dismiss and notify}
Session ID: b1cb47b5-06d7-47ee-84c1-190b88e92978">
      <![CDATA[org.openqa.selenium.interactions.MoveTargetOutOfBoundsException: (1436, -80) is out of bounds of viewport width (1536) and height (739)
Build info: version: '3.141.59', revision: 'e82be7d358', time: '2018-11-14T08:17:03'
System info: host: 'LAPTOP-79C88I1L', ip: '192.168.20.1', os.name: 'Windows 10', os.arch: 'amd64', os.version: '10.0', java.version: '16.0.1'
Driver info: org.openqa.selenium.firefox.FirefoxDriver
Capabilities {acceptInsecureCerts: true, browserName: firefox, browserVersion: 100.0.1, javascriptEnabled: true, moz:accessibilityChecks: false, moz:buildID: 20220513165813, moz:geckodriverVersion: 0.31.0, moz:headless: false, moz:processID: 27496, moz:profile: C:\Users\Dhanraj\AppData\Lo..., moz:shutdownTimeout: 60000, moz:useNonSpecCompliantPointerOrigin: false, moz:webdriverClick: true, pageLoadStrategy: normal, platform: WINDOWS, platformName: WINDOWS, platformVersion: 10.0, proxy: Proxy(), setWindowRect: true, strictFileInteractability: false, timeouts: {implicit: 0, pageLoad: 300000, script: 30000}, unhandledPromptBehavior: dismiss and notify}
Session ID: b1cb47b5-06d7-47ee-84c1-190b88e92978
at org.openqa.selenium.remote.http.W3CHttpResponseCodec.createException(W3CHttpResponseCodec.java:187)
at org.openqa.selenium.remote.http.W3CHttpResponseCodec.decode(W3CHttpResponseCodec.java:122)
at org.openqa.selenium.remote.http.W3CHttpResponseCodec.decode(W3CHttpResponseCodec.java:49)
at org.openqa.selenium.remote.HttpCommandExecutor.execute(HttpCommandExecutor.java:158)
at org.openqa.selenium.remote.service.DriverCommandExecutor.execute(DriverCommandExecutor.java:83)
at org.openqa.selenium.remote.RemoteWebDriver.execute(RemoteWebDriver.java:552)
at org.openqa.selenium.remote.RemoteWebDriver.perform(RemoteWebDriver.java:618)
at org.openqa.selenium.interactions.Actions$BuiltAction.perform(Actions.java:639)
at org.openqa.selenium.interactions.Actions.perform(Actions.java:595)
at com.SDET31L.genericUtility.SeleniumDriverLibrary.mouseHoverOntheElement(SeleniumDriverLibrary.java:83)
at com.vtiger.objectRepository.HomePage.signout(HomePage.java:79)
at com.SDET31L.genericUtility.BaseClass.afterMethod1(BaseClass.java:115)
at java.base/java.util.ArrayList.forEach(ArrayList.java:1511)
at java.base/java.util.concurrent.FutureTask.run(FutureTask.java:264)
at java.base/java.util.concurrent.ThreadPoolExecutor.runWorker(ThreadPoolExecutor.java:1130)
at java.base/java.util.concurrent.ThreadPoolExecutor$Worker.run(ThreadPoolExecutor.java:630)
at java.base/java.lang.Thread.run(Thread.java:831)
... Removed 28 stack frames]]>
    </failure>
  </testcase> <!-- @AfterMethod afterMethod1 -->
  <testcase classname="com.SDET31L.genericUtility.BaseClass" name="@AfterClass afterClass1Test" time="-1.65302741646E9">
    <skipped/>
  </testcase> <!-- @AfterClass afterClass1Test -->
  <testcase classname="com.vtiger.document.Test.CreateDocumentTest" name="createDocumentTest" time="6.461">
    <failure type="org.openqa.selenium.NoSuchFrameException" message="no such frame
  (Session info: chrome=101.0.4951.67)
Build info: version: &amp;apos;3.141.59&amp;apos;, revision: &amp;apos;e82be7d358&amp;apos;, time: &amp;apos;2018-11-14T08:17:03&amp;apos;
System info: host: &amp;apos;LAPTOP-79C88I1L&amp;apos;, ip: &amp;apos;192.168.20.1&amp;apos;, os.name: &amp;apos;Windows 10&amp;apos;, os.arch: &amp;apos;amd64&amp;apos;, os.version: &amp;apos;10.0&amp;apos;, java.version: &amp;apos;16.0.1&amp;apos;
Driver info: org.openqa.selenium.chrome.ChromeDriver
Capabilities {acceptInsecureCerts: false, browserName: chrome, browserVersion: 101.0.4951.67, chrome: {chromedriverVersion: 101.0.4951.41 (93c720db8323..., userDataDir: C:\Users\Dhanraj\AppData\Lo...}, goog:chromeOptions: {debuggerAddress: localhost:57136}, javascriptEnabled: true, networkConnectionEnabled: false, pageLoadStrategy: normal, platform: WINDOWS, platformName: WINDOWS, proxy: Proxy(), setWindowRect: true, strictFileInteractability: false, timeouts: {implicit: 0, pageLoad: 300000, script: 30000}, unhandledPromptBehavior: dismiss and notify, webauthn:extension:credBlob: true, webauthn:extension:largeBlob: true, webauthn:virtualAuthenticators: true}
Session ID: dad1f2e57dcf142b43d228b0cdad761e">
      <![CDATA[org.openqa.selenium.NoSuchFrameException: no such frame
  (Session info: chrome=101.0.4951.67)
Build info: version: '3.141.59', revision: 'e82be7d358', time: '2018-11-14T08:17:03'
System info: host: 'LAPTOP-79C88I1L', ip: '192.168.20.1', os.name: 'Windows 10', os.arch: 'amd64', os.version: '10.0', java.version: '16.0.1'
Driver info: org.openqa.selenium.chrome.ChromeDriver
Capabilities {acceptInsecureCerts: false, browserName: chrome, browserVersion: 101.0.4951.67, chrome: {chromedriverVersion: 101.0.4951.41 (93c720db8323..., userDataDir: C:\Users\Dhanraj\AppData\Lo...}, goog:chromeOptions: {debuggerAddress: localhost:57136}, javascriptEnabled: true, networkConnectionEnabled: false, pageLoadStrategy: normal, platform: WINDOWS, platformName: WINDOWS, proxy: Proxy(), setWindowRect: true, strictFileInteractability: false, timeouts: {implicit: 0, pageLoad: 300000, script: 30000}, unhandledPromptBehavior: dismiss and notify, webauthn:extension:credBlob: true, webauthn:extension:largeBlob: true, webauthn:virtualAuthenticators: true}
Session ID: dad1f2e57dcf142b43d228b0cdad761e
at org.openqa.selenium.remote.http.W3CHttpResponseCodec.createException(W3CHttpResponseCodec.java:187)
at org.openqa.selenium.remote.http.W3CHttpResponseCodec.decode(W3CHttpResponseCodec.java:122)
at org.openqa.selenium.remote.http.W3CHttpResponseCodec.decode(W3CHttpResponseCodec.java:49)
at org.openqa.selenium.remote.HttpCommandExecutor.execute(HttpCommandExecutor.java:158)
at org.openqa.selenium.remote.service.DriverCommandExecutor.execute(DriverCommandExecutor.java:83)
at org.openqa.selenium.remote.RemoteWebDriver.execute(RemoteWebDriver.java:552)
at org.openqa.selenium.remote.RemoteWebDriver$RemoteTargetLocator.frame(RemoteWebDriver.java:872)
at com.SDET31L.genericUtility.SeleniumDriverLibrary.switchToFrame(SeleniumDriverLibrary.java:209)
at com.vtiger.document.Test.CreateDocumentTest.createDocumentTest(CreateDocumentTest.java:39)
at java.base/java.util.ArrayList.forEach(ArrayList.java:1511)
at java.base/java.util.concurrent.FutureTask.run(FutureTask.java:264)
at java.base/java.util.concurrent.ThreadPoolExecutor.runWorker(ThreadPoolExecutor.java:1130)
at java.base/java.util.concurrent.ThreadPoolExecutor$Worker.run(ThreadPoolExecutor.java:630)
at java.base/java.lang.Thread.run(Thread.java:831)
... Removed 23 stack frames]]>
    </failure>
  </testcase> <!-- createDocumentTest -->
  <testcase classname="com.vtiger.contact.Test.CreateContactWithCopyOtherAdressTest" name="createContactWithCopyOtherAdress" time="11.966"/>
  <testcase classname="com.vtiger.contacts.Test.CreateContactsTest" name="createContactsTest" time="15.283"/>
  <testcase classname="com.vtiger.organization.Test.CreateOrganizationWithIndustryTYpeTest" name="createOrganizationWithIndustryTYpeTest" time="12.013"/>
  <testcase classname="com.vtiger.campaign.Test.CreateCampaignTest" name="createCompaignTest" time="16.679"/>
  <testcase classname="com.vtiger.contact.Test.CreateContactWithBirthDateTest" name="createContactWithBirthDate" time="18.681"/>
  <testcase classname="com.vtiger.contact.Test.CreateContactWithCopyMailAdressTest" name="createContactWithCopyMailAdress" time="17.446"/>
  <testcase classname="com.vtiger.contact.Test.CreateConatctWithsupportStartDateTest" name="createConatctWithsupportStartDate" time="19.969"/>
  <testcase classname="com.vtiger.contact.Test.CreateContactWithSupportEndDateTest" name="createContactWithSupportEndDate" time="14.37"/>
  <testcase classname="com.SDET31L.genericUtility.BaseClass" name="@BeforeSuite beforesuite1Test" time="0.0">
    <ignored/>
  </testcase> <!-- @BeforeSuite beforesuite1Test -->
  <testcase classname="com.SDET31L.genericUtility.BaseClass" name="@BeforeSuite beforesuite1Test" time="0.0">
    <ignored/>
  </testcase> <!-- @BeforeSuite beforesuite1Test -->
  <testcase classname="com.SDET31L.genericUtility.BaseClass" name="@BeforeSuite beforesuite1Test" time="0.0">
    <ignored/>
  </testcase> <!-- @BeforeSuite beforesuite1Test -->
  <testcase classname="com.SDET31L.genericUtility.BaseClass" name="@BeforeSuite beforesuite1Test" time="0.0">
    <ignored/>
  </testcase> <!-- @BeforeSuite beforesuite1Test -->
  <testcase classname="com.SDET31L.genericUtility.BaseClass" name="@BeforeSuite beforesuite1Test" time="0.0">
    <ignored/>
  </testcase> <!-- @BeforeSuite beforesuite1Test -->
  <testcase classname="com.SDET31L.genericUtility.BaseClass" name="@BeforeSuite beforesuite1Test" time="0.0">
    <ignored/>
  </testcase> <!-- @BeforeSuite beforesuite1Test -->
  <testcase classname="com.SDET31L.genericUtility.BaseClass" name="@BeforeSuite beforesuite1Test" time="0.0">
    <ignored/>
  </testcase> <!-- @BeforeSuite beforesuite1Test -->
  <testcase classname="com.SDET31L.genericUtility.BaseClass" name="@BeforeSuite beforesuite1Test" time="0.0">
    <ignored/>
  </testcase> <!-- @BeforeSuite beforesuite1Test -->
  <testcase classname="com.SDET31L.genericUtility.BaseClass" name="@AfterSuite aftersuite1Test" time="0.0">
    <ignored/>
  </testcase> <!-- @AfterSuite aftersuite1Test -->
  <testcase classname="com.SDET31L.genericUtility.BaseClass" name="@AfterSuite aftersuite1Test" time="0.0">
    <ignored/>
  </testcase> <!-- @AfterSuite aftersuite1Test -->
  <testcase classname="com.SDET31L.genericUtility.BaseClass" name="@AfterSuite aftersuite1Test" time="0.0">
    <ignored/>
  </testcase> <!-- @AfterSuite aftersuite1Test -->
  <testcase classname="com.SDET31L.genericUtility.BaseClass" name="@AfterSuite aftersuite1Test" time="0.0">
    <ignored/>
  </testcase> <!-- @AfterSuite aftersuite1Test -->
  <testcase classname="com.SDET31L.genericUtility.BaseClass" name="@AfterSuite aftersuite1Test" time="0.0">
    <ignored/>
  </testcase> <!-- @AfterSuite aftersuite1Test -->
  <testcase classname="com.SDET31L.genericUtility.BaseClass" name="@AfterSuite aftersuite1Test" time="0.0">
    <ignored/>
  </testcase> <!-- @AfterSuite aftersuite1Test -->
  <testcase classname="com.SDET31L.genericUtility.BaseClass" name="@AfterSuite aftersuite1Test" time="0.0">
    <ignored/>
  </testcase> <!-- @AfterSuite aftersuite1Test -->
  <testcase classname="com.SDET31L.genericUtility.BaseClass" name="@AfterSuite aftersuite1Test" time="0.0">
    <ignored/>
  </testcase> <!-- @AfterSuite aftersuite1Test -->
</testsuite> <!-- Test1 -->
